{"C:\\Users\\AMAN\\Desktop\\Namaste-React\\Ep13\\src\\components\\Body.js": {"path":"C:\\Users\\AMAN\\Desktop\\Namaste-React\\Ep13\\src\\components\\Body.js","statementMap":{"0":{"start":{"line":9,"column":13},"end":{"line":102,"column":1}},"1":{"start":{"line":10,"column":52},"end":{"line":10,"column":64}},"2":{"start":{"line":11,"column":54},"end":{"line":11,"column":66}},"3":{"start":{"line":12,"column":38},"end":{"line":12,"column":50}},"4":{"start":{"line":14,"column":2},"end":{"line":16,"column":9}},"5":{"start":{"line":15,"column":4},"end":{"line":15,"column":16}},"6":{"start":{"line":18,"column":20},"end":{"line":24,"column":3}},"7":{"start":{"line":19,"column":17},"end":{"line":20,"column":16}},"8":{"start":{"line":21,"column":17},"end":{"line":21,"column":34}},"9":{"start":{"line":22,"column":4},"end":{"line":22,"column":101}},"10":{"start":{"line":23,"column":4},"end":{"line":23,"column":102}},"11":{"start":{"line":26,"column":23},"end":{"line":26,"column":40}},"12":{"start":{"line":28,"column":2},"end":{"line":34,"column":3}},"13":{"start":{"line":29,"column":4},"end":{"line":33,"column":5}},"14":{"start":{"line":36,"column":40},"end":{"line":36,"column":63}},"15":{"start":{"line":38,"column":2},"end":{"line":101,"column":4}},"16":{"start":{"line":51,"column":31},"end":{"line":51,"column":60}},"17":{"start":{"line":57,"column":44},"end":{"line":59,"column":17}},"18":{"start":{"line":58,"column":18},"end":{"line":58,"column":80}},"19":{"start":{"line":60,"column":16},"end":{"line":60,"column":59}},"20":{"start":{"line":73,"column":29},"end":{"line":73,"column":56}},"21":{"start":{"line":80,"column":33},"end":{"line":82,"column":13}},"22":{"start":{"line":81,"column":23},"end":{"line":81,"column":47}},"23":{"start":{"line":83,"column":12},"end":{"line":83,"column":48}},"24":{"start":{"line":91,"column":10},"end":{"line":97,"column":17}}},"fnMap":{"0":{"name":"(anonymous_0)","decl":{"start":{"line":9,"column":13},"end":{"line":9,"column":14}},"loc":{"start":{"line":9,"column":19},"end":{"line":102,"column":1}},"line":9},"1":{"name":"(anonymous_1)","decl":{"start":{"line":14,"column":12},"end":{"line":14,"column":13}},"loc":{"start":{"line":14,"column":18},"end":{"line":16,"column":3}},"line":14},"2":{"name":"(anonymous_2)","decl":{"start":{"line":18,"column":20},"end":{"line":18,"column":21}},"loc":{"start":{"line":18,"column":32},"end":{"line":24,"column":3}},"line":18},"3":{"name":"(anonymous_3)","decl":{"start":{"line":51,"column":24},"end":{"line":51,"column":25}},"loc":{"start":{"line":51,"column":31},"end":{"line":51,"column":60}},"line":51},"4":{"name":"(anonymous_4)","decl":{"start":{"line":56,"column":23},"end":{"line":56,"column":24}},"loc":{"start":{"line":56,"column":29},"end":{"line":61,"column":15}},"line":56},"5":{"name":"(anonymous_5)","decl":{"start":{"line":57,"column":69},"end":{"line":57,"column":70}},"loc":{"start":{"line":58,"column":18},"end":{"line":58,"column":80}},"line":58},"6":{"name":"(anonymous_6)","decl":{"start":{"line":73,"column":22},"end":{"line":73,"column":23}},"loc":{"start":{"line":73,"column":29},"end":{"line":73,"column":56}},"line":73},"7":{"name":"(anonymous_7)","decl":{"start":{"line":79,"column":19},"end":{"line":79,"column":20}},"loc":{"start":{"line":79,"column":25},"end":{"line":84,"column":11}},"line":79},"8":{"name":"(anonymous_8)","decl":{"start":{"line":81,"column":14},"end":{"line":81,"column":15}},"loc":{"start":{"line":81,"column":23},"end":{"line":81,"column":47}},"line":81},"9":{"name":"(anonymous_9)","decl":{"start":{"line":90,"column":32},"end":{"line":90,"column":33}},"loc":{"start":{"line":91,"column":10},"end":{"line":97,"column":17}},"line":91}},"branchMap":{"0":{"loc":{"start":{"line":28,"column":2},"end":{"line":34,"column":3}},"type":"if","locations":[{"start":{"line":28,"column":2},"end":{"line":34,"column":3}},{"start":{},"end":{}}],"line":28},"1":{"loc":{"start":{"line":38,"column":9},"end":{"line":101,"column":3}},"type":"cond-expr","locations":[{"start":{"line":39,"column":4},"end":{"line":39,"column":15}},{"start":{"line":41,"column":4},"end":{"line":100,"column":10}}],"line":38}},"s":{"0":1,"1":7,"2":7,"3":7,"4":7,"5":2,"6":7,"7":2,"8":2,"9":2,"10":2,"11":7,"12":7,"13":0,"14":7,"15":7,"16":1,"17":1,"18":20,"19":1,"20":0,"21":1,"22":20,"23":1,"24":69},"f":{"0":7,"1":2,"2":2,"3":1,"4":1,"5":20,"6":0,"7":1,"8":20,"9":69},"b":{"0":[0,7],"1":[2,5]},"_coverageSchema":"1a1c01bbd47fc00a2c39e90264f33305004495a9","hash":"2f07e1d109688ed4004486563cd3276b5119bd7d"}
}
