{"C:\\Users\\AMAN\\Desktop\\Namaste-React\\Ep13\\src\\components\\Cart.js": {"path":"C:\\Users\\AMAN\\Desktop\\Namaste-React\\Ep13\\src\\components\\Cart.js","statementMap":{"0":{"start":{"line":5,"column":13},"end":{"line":31,"column":1}},"1":{"start":{"line":7,"column":22},"end":{"line":7,"column":62}},"2":{"start":{"line":7,"column":45},"end":{"line":7,"column":61}},"3":{"start":{"line":9,"column":21},"end":{"line":9,"column":34}},"4":{"start":{"line":11,"column":28},"end":{"line":13,"column":5}},"5":{"start":{"line":12,"column":8},"end":{"line":12,"column":31}},"6":{"start":{"line":15,"column":4},"end":{"line":30,"column":5}}},"fnMap":{"0":{"name":"(anonymous_0)","decl":{"start":{"line":5,"column":13},"end":{"line":5,"column":14}},"loc":{"start":{"line":5,"column":18},"end":{"line":31,"column":1}},"line":5},"1":{"name":"(anonymous_1)","decl":{"start":{"line":7,"column":34},"end":{"line":7,"column":35}},"loc":{"start":{"line":7,"column":45},"end":{"line":7,"column":61}},"line":7},"2":{"name":"(anonymous_2)","decl":{"start":{"line":11,"column":28},"end":{"line":11,"column":29}},"loc":{"start":{"line":11,"column":34},"end":{"line":13,"column":5}},"line":11}},"branchMap":{"0":{"loc":{"start":{"line":23,"column":11},"end":{"line":25,"column":13}},"type":"binary-expr","locations":[{"start":{"line":23,"column":11},"end":{"line":23,"column":33}},{"start":{"line":24,"column":12},"end":{"line":24,"column":58}}],"line":23}},"s":{"0":1,"1":4,"2":8,"3":4,"4":4,"5":1,"6":4},"f":{"0":4,"1":8,"2":1},"b":{"0":[4,2]},"_coverageSchema":"1a1c01bbd47fc00a2c39e90264f33305004495a9","hash":"8fb3f5d2e1dc172e693f8349a28dc94de27b0790"}
,"C:\\Users\\AMAN\\Desktop\\Namaste-React\\Ep13\\src\\components\\Header.js": {"path":"C:\\Users\\AMAN\\Desktop\\Namaste-React\\Ep13\\src\\components\\Header.js","statementMap":{"0":{"start":{"line":8,"column":15},"end":{"line":62,"column":3}},"1":{"start":{"line":9,"column":42},"end":{"line":9,"column":59}},"2":{"start":{"line":11,"column":23},"end":{"line":11,"column":40}},"3":{"start":{"line":13,"column":25},"end":{"line":13,"column":48}},"4":{"start":{"line":17,"column":19},"end":{"line":17,"column":59}},"5":{"start":{"line":17,"column":42},"end":{"line":17,"column":58}},"6":{"start":{"line":20,"column":6},"end":{"line":61,"column":7}},"7":{"start":{"line":50,"column":20},"end":{"line":52,"column":49}}},"fnMap":{"0":{"name":"(anonymous_0)","decl":{"start":{"line":8,"column":15},"end":{"line":8,"column":16}},"loc":{"start":{"line":8,"column":21},"end":{"line":62,"column":3}},"line":8},"1":{"name":"(anonymous_1)","decl":{"start":{"line":17,"column":31},"end":{"line":17,"column":32}},"loc":{"start":{"line":17,"column":42},"end":{"line":17,"column":58}},"line":17},"2":{"name":"(anonymous_2)","decl":{"start":{"line":49,"column":27},"end":{"line":49,"column":28}},"loc":{"start":{"line":49,"column":33},"end":{"line":53,"column":19}},"line":49}},"branchMap":{"0":{"loc":{"start":{"line":30,"column":29},"end":{"line":30,"column":55}},"type":"cond-expr","locations":[{"start":{"line":30,"column":44},"end":{"line":30,"column":48}},{"start":{"line":30,"column":51},"end":{"line":30,"column":55}}],"line":30},"1":{"loc":{"start":{"line":50,"column":20},"end":{"line":52,"column":48}},"type":"cond-expr","locations":[{"start":{"line":51,"column":24},"end":{"line":51,"column":49}},{"start":{"line":52,"column":24},"end":{"line":52,"column":48}}],"line":50}},"s":{"0":1,"1":4,"2":4,"3":4,"4":4,"5":8,"6":4,"7":0},"f":{"0":4,"1":8,"2":0},"b":{"0":[4,0],"1":[0,0]},"_coverageSchema":"1a1c01bbd47fc00a2c39e90264f33305004495a9","hash":"13e356b783a4cd819ce15dfbe2d7ddea69f972c2"}
,"C:\\Users\\AMAN\\Desktop\\Namaste-React\\Ep13\\src\\components\\ItemList.js": {"path":"C:\\Users\\AMAN\\Desktop\\Namaste-React\\Ep13\\src\\components\\ItemList.js","statementMap":{"0":{"start":{"line":5,"column":17},"end":{"line":48,"column":1}},"1":{"start":{"line":7,"column":19},"end":{"line":7,"column":32}},"2":{"start":{"line":9,"column":26},"end":{"line":12,"column":5}},"3":{"start":{"line":11,"column":8},"end":{"line":11,"column":33}},"4":{"start":{"line":14,"column":4},"end":{"line":47,"column":6}},"5":{"start":{"line":18,"column":14},"end":{"line":44,"column":20}},"6":{"start":{"line":40,"column":34},"end":{"line":40,"column":53}}},"fnMap":{"0":{"name":"(anonymous_0)","decl":{"start":{"line":5,"column":17},"end":{"line":5,"column":18}},"loc":{"start":{"line":5,"column":32},"end":{"line":48,"column":1}},"line":5},"1":{"name":"(anonymous_1)","decl":{"start":{"line":9,"column":26},"end":{"line":9,"column":27}},"loc":{"start":{"line":9,"column":36},"end":{"line":12,"column":5}},"line":9},"2":{"name":"(anonymous_2)","decl":{"start":{"line":17,"column":23},"end":{"line":17,"column":24}},"loc":{"start":{"line":18,"column":14},"end":{"line":44,"column":20}},"line":18},"3":{"name":"(anonymous_3)","decl":{"start":{"line":40,"column":29},"end":{"line":40,"column":30}},"loc":{"start":{"line":40,"column":34},"end":{"line":40,"column":53}},"line":40}},"branchMap":{"0":{"loc":{"start":{"line":26,"column":21},"end":{"line":27,"column":82}},"type":"cond-expr","locations":[{"start":{"line":27,"column":20},"end":{"line":27,"column":46}},{"start":{"line":27,"column":49},"end":{"line":27,"column":82}}],"line":26}},"s":{"0":1,"1":5,"2":5,"3":2,"4":5,"5":14,"6":2},"f":{"0":5,"1":2,"2":14,"3":2},"b":{"0":[0,14]},"_coverageSchema":"1a1c01bbd47fc00a2c39e90264f33305004495a9","hash":"3f82da214d625e29c376811958705dde5978305d"}
,"C:\\Users\\AMAN\\Desktop\\Namaste-React\\Ep13\\src\\components\\RestaurantMenu.js": {"path":"C:\\Users\\AMAN\\Desktop\\Namaste-React\\Ep13\\src\\components\\RestaurantMenu.js","statementMap":{"0":{"start":{"line":7,"column":23},"end":{"line":46,"column":1}},"1":{"start":{"line":8,"column":22},"end":{"line":8,"column":33}},"2":{"start":{"line":10,"column":20},"end":{"line":10,"column":44}},"3":{"start":{"line":12,"column":38},"end":{"line":12,"column":52}},"4":{"start":{"line":14,"column":4},"end":{"line":14,"column":45}},"5":{"start":{"line":14,"column":26},"end":{"line":14,"column":45}},"6":{"start":{"line":16,"column":50},"end":{"line":16,"column":85}},"7":{"start":{"line":18,"column":23},"end":{"line":22,"column":5}},"8":{"start":{"line":20,"column":12},"end":{"line":21,"column":74}},"9":{"start":{"line":24,"column":27},"end":{"line":30,"column":5}},"10":{"start":{"line":25,"column":8},"end":{"line":29,"column":9}},"11":{"start":{"line":26,"column":12},"end":{"line":26,"column":31}},"12":{"start":{"line":28,"column":12},"end":{"line":28,"column":32}},"13":{"start":{"line":32,"column":4},"end":{"line":45,"column":6}},"14":{"start":{"line":37,"column":16},"end":{"line":42,"column":18}},"15":{"start":{"line":41,"column":40},"end":{"line":41,"column":61}}},"fnMap":{"0":{"name":"(anonymous_0)","decl":{"start":{"line":7,"column":23},"end":{"line":7,"column":24}},"loc":{"start":{"line":7,"column":29},"end":{"line":46,"column":1}},"line":7},"1":{"name":"(anonymous_1)","decl":{"start":{"line":19,"column":8},"end":{"line":19,"column":9}},"loc":{"start":{"line":20,"column":12},"end":{"line":21,"column":74}},"line":20},"2":{"name":"(anonymous_2)","decl":{"start":{"line":24,"column":27},"end":{"line":24,"column":28}},"loc":{"start":{"line":24,"column":38},"end":{"line":30,"column":5}},"line":24},"3":{"name":"(anonymous_3)","decl":{"start":{"line":36,"column":28},"end":{"line":36,"column":29}},"loc":{"start":{"line":37,"column":16},"end":{"line":42,"column":18}},"line":37},"4":{"name":"(anonymous_4)","decl":{"start":{"line":41,"column":34},"end":{"line":41,"column":35}},"loc":{"start":{"line":41,"column":40},"end":{"line":41,"column":61}},"line":41}},"branchMap":{"0":{"loc":{"start":{"line":14,"column":4},"end":{"line":14,"column":45}},"type":"if","locations":[{"start":{"line":14,"column":4},"end":{"line":14,"column":45}},{"start":{},"end":{}}],"line":14},"1":{"loc":{"start":{"line":25,"column":8},"end":{"line":29,"column":9}},"type":"if","locations":[{"start":{"line":25,"column":8},"end":{"line":29,"column":9}},{"start":{"line":27,"column":15},"end":{"line":29,"column":9}}],"line":25}},"s":{"0":1,"1":3,"2":3,"3":3,"4":3,"5":1,"6":2,"7":2,"8":36,"9":2,"10":1,"11":0,"12":1,"13":2,"14":30,"15":1},"f":{"0":3,"1":36,"2":1,"3":30,"4":1},"b":{"0":[1,2],"1":[0,1]},"_coverageSchema":"1a1c01bbd47fc00a2c39e90264f33305004495a9","hash":"aa886f6ce647f66aa530b6f74ccbfac19c0343e8"}
,"C:\\Users\\AMAN\\Desktop\\Namaste-React\\Ep13\\src\\utils\\appStore.js": {"path":"C:\\Users\\AMAN\\Desktop\\Namaste-React\\Ep13\\src\\utils\\appStore.js","statementMap":{"0":{"start":{"line":4,"column":17},"end":{"line":8,"column":2}}},"fnMap":{},"branchMap":{},"s":{"0":1},"f":{},"b":{},"_coverageSchema":"1a1c01bbd47fc00a2c39e90264f33305004495a9","hash":"a5afc94f997e78a99043d39cfe156dee5065007c"}
}
