TN:
SF:src\components\Body.js
FN:9,(anonymous_0)
FN:14,(anonymous_1)
FN:18,(anonymous_2)
FN:51,(anonymous_3)
FN:56,(anonymous_4)
FN:57,(anonymous_5)
FN:73,(anonymous_6)
FN:79,(anonymous_7)
FN:81,(anonymous_8)
FN:90,(anonymous_9)
FNF:10
FNH:7
FNDA:4,(anonymous_0)
FNDA:1,(anonymous_1)
FNDA:1,(anonymous_2)
FNDA:1,(anonymous_3)
FNDA:1,(anonymous_4)
FNDA:20,(anonymous_5)
FNDA:0,(anonymous_6)
FNDA:0,(anonymous_7)
FNDA:0,(anonymous_8)
FNDA:43,(anonymous_9)
DA:9,1
DA:10,4
DA:11,4
DA:12,4
DA:14,4
DA:15,1
DA:18,4
DA:19,1
DA:21,1
DA:22,1
DA:23,1
DA:26,4
DA:28,4
DA:29,0
DA:36,4
DA:38,4
DA:51,1
DA:57,1
DA:58,20
DA:60,1
DA:73,0
DA:80,0
DA:81,0
DA:83,0
DA:91,43
LF:25
LH:20
BRDA:28,0,0,0
BRDA:28,0,1,4
BRDA:38,1,0,1
BRDA:38,1,1,3
BRF:4
BRH:3
end_of_record
