TN:
SF:src\components\Cart.js
FN:5,(anonymous_0)
FN:7,(anonymous_1)
FN:11,(anonymous_2)
FNF:3
FNH:3
FNDA:4,(anonymous_0)
FNDA:8,(anonymous_1)
FNDA:1,(anonymous_2)
DA:5,1
DA:7,8
DA:9,4
DA:11,4
DA:12,1
DA:15,4
LF:6
LH:6
BRDA:23,0,0,4
BRDA:23,0,1,2
BRF:2
BRH:2
end_of_record
TN:
SF:src\components\Header.js
FN:8,(anonymous_0)
FN:17,(anonymous_1)
FN:49,(anonymous_2)
FNF:3
FNH:2
FNDA:4,(anonymous_0)
FNDA:8,(anonymous_1)
FNDA:0,(anonymous_2)
DA:8,1
DA:9,4
DA:11,4
DA:13,4
DA:17,8
DA:20,4
DA:50,0
LF:7
LH:6
BRDA:30,0,0,4
BRDA:30,0,1,0
BRDA:50,1,0,0
BRDA:50,1,1,0
BRF:4
BRH:1
end_of_record
TN:
SF:src\components\ItemList.js
FN:5,(anonymous_0)
FN:9,(anonymous_1)
FN:17,(anonymous_2)
FN:40,(anonymous_3)
FNF:4
FNH:4
FNDA:5,(anonymous_0)
FNDA:2,(anonymous_1)
FNDA:14,(anonymous_2)
FNDA:2,(anonymous_3)
DA:5,1
DA:7,5
DA:9,5
DA:11,2
DA:14,5
DA:18,14
DA:40,2
LF:7
LH:7
BRDA:26,0,0,0
BRDA:26,0,1,14
BRF:2
BRH:1
end_of_record
TN:
SF:src\components\RestaurantMenu.js
FN:7,(anonymous_0)
FN:19,(anonymous_1)
FN:24,(anonymous_2)
FN:36,(anonymous_3)
FN:41,(anonymous_4)
FNF:5
FNH:5
FNDA:3,(anonymous_0)
FNDA:36,(anonymous_1)
FNDA:1,(anonymous_2)
FNDA:30,(anonymous_3)
FNDA:1,(anonymous_4)
DA:7,1
DA:8,3
DA:10,3
DA:12,3
DA:14,3
DA:16,2
DA:18,2
DA:20,36
DA:24,2
DA:25,1
DA:26,0
DA:28,1
DA:32,2
DA:37,30
DA:41,1
LF:15
LH:14
BRDA:14,0,0,1
BRDA:14,0,1,2
BRDA:25,1,0,0
BRDA:25,1,1,1
BRF:4
BRH:3
end_of_record
TN:
SF:src\utils\appStore.js
FNF:0
FNH:0
DA:4,1
LF:1
LH:1
BRF:0
BRH:0
end_of_record
